2024-03-06 18:17:42,866 INFO :: This message just show basics information
2024-03-06 18:17:42,866 WARNING :: This message is about something you should pay attention to
2024-03-06 18:17:42,866 ERROR :: This message helps to debug an error that occurred in your program
2024-03-06 18:20:45,277 INFO :: This message just show basics information
2024-03-06 18:20:45,277 WARNING :: This message is about something you should pay attention to
2024-03-06 18:20:45,277 ERROR :: This message helps to debug an error that occurred in your program
2024-03-06 18:20:45,277 INFO :: Hello from Binance connector
2024-03-06 21:08:26,591 INFO :: This message just show basics information
2024-03-06 21:08:26,592 WARNING :: This message is about something you should pay attention to
2024-03-06 21:08:26,592 ERROR :: This message helps to debug an error that occurred in your program
2024-03-06 21:10:33,677 INFO :: This message just show basics information
2024-03-06 21:10:33,677 WARNING :: This message is about something you should pay attention to
2024-03-06 21:10:33,677 ERROR :: This message helps to debug an error that occurred in your program
2024-03-06 21:11:08,959 INFO :: This message just show basics information
2024-03-06 21:11:08,959 WARNING :: This message is about something you should pay attention to
2024-03-06 21:11:08,959 ERROR :: This message helps to debug an error that occurred in your program
2024-03-06 21:14:52,716 INFO :: This message just show basics information
2024-03-06 21:14:52,716 WARNING :: This message is about something you should pay attention to
2024-03-06 21:14:52,716 ERROR :: This message helps to debug an error that occurred in your program
2024-03-06 21:16:06,174 INFO :: This message just show basics information
2024-03-06 21:16:06,174 WARNING :: This message is about something you should pay attention to
2024-03-06 21:16:06,174 ERROR :: This message helps to debug an error that occurred in your program
2024-03-06 21:16:43,738 INFO :: This message just show basics information
2024-03-06 21:16:43,739 WARNING :: This message is about something you should pay attention to
2024-03-06 21:16:43,739 ERROR :: This message helps to debug an error that occurred in your program
2024-03-06 21:27:43,547 INFO :: This message just show basics information
2024-03-06 21:27:43,547 WARNING :: This message is about something you should pay attention to
2024-03-06 21:27:43,547 ERROR :: This message helps to debug an error that occurred in your program
2024-03-07 12:51:29,686 INFO :: This message just show basics information
2024-03-07 12:51:29,687 WARNING :: This message is about something you should pay attention to
2024-03-07 12:51:29,687 ERROR :: This message helps to debug an error that occurred in your program
2024-03-07 12:53:27,185 INFO :: This message just show basics information
2024-03-07 12:53:27,185 WARNING :: This message is about something you should pay attention to
2024-03-07 12:53:27,185 ERROR :: This message helps to debug an error that occurred in your program
2024-03-07 12:55:14,155 INFO :: This message just show basics information
2024-03-07 12:55:14,155 WARNING :: This message is about something you should pay attention to
2024-03-07 12:55:14,155 ERROR :: This message helps to debug an error that occurred in your program
2024-03-07 13:26:33,172 INFO :: This message just show basics information
2024-03-07 13:26:33,172 WARNING :: This message is about something you should pay attention to
2024-03-07 13:26:33,172 ERROR :: This message helps to debug an error that occurred in your program
2024-03-07 13:37:58,783 INFO :: Binance Futures Client initialized
2024-03-07 13:38:37,907 INFO :: Binance Futures Client initialized
2024-03-07 13:43:56,868 INFO :: Binance Futures Client initialized
2024-03-07 13:52:58,463 INFO :: Binance Futures Client initialized
2024-03-07 13:55:28,934 INFO :: Binance Futures Client initialized
2024-03-07 14:06:50,184 INFO :: Binance Futures Client initialized
2024-03-07 14:07:15,269 INFO :: Binance Futures Client initialized
2024-03-07 14:08:44,023 INFO :: Binance Futures Client initialized
2024-03-07 14:09:37,632 INFO :: Binance Futures Client initialized
2024-03-07 14:11:58,841 INFO :: Binance Futures Client initialized
